<testsuites id="" name="" tests="1" failures="1" skipped="0" errors="0" time="43.836586">
<testsuite name="test-baseline-e2e.spec.js" timestamp="2025-10-29T03:50:50.641Z" hostname="webkit" tests="1" failures="1" skipped="0" time="42.588" errors="0">
<testcase name="Baseline E2E Testing - chat.formul8.ai â€º Run all baseline questions" classname="test-baseline-e2e.spec.js" time="42.588">
<failure message="test-baseline-e2e.spec.js:214:3 Run all baseline questions" type="FAILURE">
<![CDATA[  [webkit] â€º test-baseline-e2e.spec.js:214:3 â€º Baseline E2E Testing - chat.formul8.ai â€º Run all baseline questions 

    Error: expect(received).toBeGreaterThan(expected)

    Expected: > 0.5
    Received:   0.3333333333333333

      394 |     
      395 |     // Assert that at least 50% passed
    > 396 |     expect(passCount / questions.length).toBeGreaterThan(0.5);
          |                                          ^
      397 |   });
      398 | });
      399 |
        at /Users/danielmcshan/GitHub/formul8-multiagent/tests/test-baseline-e2e.spec.js:396:42

    attachment #1: screenshot (image/png) â”€â”€â”€â”€â”€â”€â”€â”€â”€â”€â”€â”€â”€â”€â”€â”€â”€â”€â”€â”€â”€â”€â”€â”€â”€â”€â”€â”€â”€â”€â”€â”€â”€â”€â”€â”€â”€â”€â”€â”€â”€â”€â”€â”€â”€â”€â”€â”€â”€â”€â”€â”€â”€â”€â”€â”€â”€â”€
    ../test-results/test-baseline-e2e-Baseline-16f3e--Run-all-baseline-questions-webkit/test-failed-1.png
    â”€â”€â”€â”€â”€â”€â”€â”€â”€â”€â”€â”€â”€â”€â”€â”€â”€â”€â”€â”€â”€â”€â”€â”€â”€â”€â”€â”€â”€â”€â”€â”€â”€â”€â”€â”€â”€â”€â”€â”€â”€â”€â”€â”€â”€â”€â”€â”€â”€â”€â”€â”€â”€â”€â”€â”€â”€â”€â”€â”€â”€â”€â”€â”€â”€â”€â”€â”€â”€â”€â”€â”€â”€â”€â”€â”€â”€â”€â”€â”€â”€â”€â”€â”€â”€â”€â”€â”€â”€â”€â”€â”€â”€â”€â”€â”€

    attachment #2: video (video/webm) â”€â”€â”€â”€â”€â”€â”€â”€â”€â”€â”€â”€â”€â”€â”€â”€â”€â”€â”€â”€â”€â”€â”€â”€â”€â”€â”€â”€â”€â”€â”€â”€â”€â”€â”€â”€â”€â”€â”€â”€â”€â”€â”€â”€â”€â”€â”€â”€â”€â”€â”€â”€â”€â”€â”€â”€â”€â”€â”€â”€â”€â”€
    ../test-results/test-baseline-e2e-Baseline-16f3e--Run-all-baseline-questions-webkit/video.webm
    â”€â”€â”€â”€â”€â”€â”€â”€â”€â”€â”€â”€â”€â”€â”€â”€â”€â”€â”€â”€â”€â”€â”€â”€â”€â”€â”€â”€â”€â”€â”€â”€â”€â”€â”€â”€â”€â”€â”€â”€â”€â”€â”€â”€â”€â”€â”€â”€â”€â”€â”€â”€â”€â”€â”€â”€â”€â”€â”€â”€â”€â”€â”€â”€â”€â”€â”€â”€â”€â”€â”€â”€â”€â”€â”€â”€â”€â”€â”€â”€â”€â”€â”€â”€â”€â”€â”€â”€â”€â”€â”€â”€â”€â”€â”€â”€

    Error Context: ../test-results/test-baseline-e2e-Baseline-16f3e--Run-all-baseline-questions-webkit/error-context.md
]]>
</failure>
<system-out>
<![CDATA[
======================================================================
ðŸ“Š BASELINE E2E TEST - chat.formul8.ai
======================================================================
Total Questions: 3
Estimated Time: 1 minutes
======================================================================

ðŸŒ Navigating to https://chat.formul8.ai...
âœ… Chat interface loaded


[1/3] Can you make me a compliant SOP for Cannabis Transport in New Jersey?
   Category: sop-generation-compliance-documentation
   âœ… Grade: F (52.5%) - 13640ms
      Agent: F8 Multi-Agent âŒ (expected: compliance_agent)
      **Standard Operating Procedure (SOP) â€“ Cannabis Transport â€“ State of Newâ€¯Jersey*...

[2/3] Can you make me a compliant SOP for pre-roll production in New York?
   Category: sop-generation-compliance-documentation
   âœ… Grade: F (48.8%) - 11998ms
      Agent: F8 Multi-Agent âŒ (expected: compliance_agent)
      **Standard Operating Procedure (SOP) â€“â€¯Preâ€‘Roll Production**  
**Location:** New...

[3/3] Can you make me a product recall SOP?
   Category: sop-generation-compliance-documentation
   âœ… Grade: D (60.0%) - 11348ms
      Agent: F8 Multi-Agent âŒ (expected: compliance_agent)
      **Product Recall â€“ Standard Operating Procedure (SOP)**  
*Versionâ€¯1.0 â€“â€¯Effecti...

======================================================================
ðŸ“Š BASELINE TEST COMPLETE
======================================================================
Total Questions: 3
Passed: 1 (33.3%)
Failed: 2 (66.7%)
Average Score: 53.75%
Average Grade: F

Results saved to:
  - baseline-results/baseline-e2e-2025-10-29T03-51-34-235Z.json
  - baseline-results/baseline-e2e-2025-10-29T03-51-34-235Z.md
======================================================================


[[ATTACHMENT|test-results/test-baseline-e2e-Baseline-16f3e--Run-all-baseline-questions-webkit/test-failed-1.png]]

[[ATTACHMENT|test-results/test-baseline-e2e-Baseline-16f3e--Run-all-baseline-questions-webkit/video.webm]]

[[ATTACHMENT|test-results/test-baseline-e2e-Baseline-16f3e--Run-all-baseline-questions-webkit/error-context.md]]
]]>
</system-out>
</testcase>
</testsuite>
</testsuites>